[[1;34mINFO[m] Scanning for projects...
[[1;34mINFO[m] 
[[1;34mINFO[m] [1m------------------------< [0;36mcom.fsm:identity-svc[0;1m >------------------------[m
[[1;34mINFO[m] [1mBuilding identity-svc 0.0.1-SNAPSHOT[m
[[1;34mINFO[m] [1m--------------------------------[ jar ]---------------------------------[m
[[1;34mINFO[m] 
[[1;34mINFO[m] [1m>>> [0;32mspring-boot-maven-plugin:3.2.0:run[m [1m(default-cli)[0;1m > [0;1mtest-compile[m @ [36midentity-svc[0;1m >>>[m
[[1;34mINFO[m] 
[[1;34mINFO[m] [1m--- [0;32mjacoco-maven-plugin:0.8.11:prepare-agent[m [1m(default)[m @ [36midentity-svc[0;1m ---[m
[[1;34mINFO[m] argLine set to -javaagent:/home/mkhan/.m2/repository/org/jacoco/org.jacoco.agent/0.8.11/org.jacoco.agent-0.8.11-runtime.jar=destfile=/home/mkhan/office/COPILOT_CHAT_PROJECT_FOLDER/fsm_test_01/backend/identity-svc/target/jacoco.exec
[[1;34mINFO[m] 
[[1;34mINFO[m] [1m--- [0;32mmaven-resources-plugin:3.3.1:resources[m [1m(default-resources)[m @ [36midentity-svc[0;1m ---[m
[[1;34mINFO[m] Copying 1 resource from src/main/resources to target/classes
[[1;34mINFO[m] Copying 7 resources from src/main/resources to target/classes
[[1;34mINFO[m] 
[[1;34mINFO[m] [1m--- [0;32mmaven-compiler-plugin:3.11.0:compile[m [1m(default-compile)[m @ [36midentity-svc[0;1m ---[m
[[1;34mINFO[m] Nothing to compile - all classes are up to date
[[1;34mINFO[m] 
[[1;34mINFO[m] [1m--- [0;32mmaven-resources-plugin:3.3.1:testResources[m [1m(default-testResources)[m @ [36midentity-svc[0;1m ---[m
[[1;34mINFO[m] Copying 1 resource from src/test/resources to target/test-classes
[[1;34mINFO[m] 
[[1;34mINFO[m] [1m--- [0;32mmaven-compiler-plugin:3.11.0:testCompile[m [1m(default-testCompile)[m @ [36midentity-svc[0;1m ---[m
[[1;34mINFO[m] Nothing to compile - all classes are up to date
[[1;34mINFO[m] 
[[1;34mINFO[m] [1m<<< [0;32mspring-boot-maven-plugin:3.2.0:run[m [1m(default-cli)[0;1m < [0;1mtest-compile[m @ [36midentity-svc[0;1m <<<[m
[[1;34mINFO[m] 
[[1;34mINFO[m] 
[[1;34mINFO[m] [1m--- [0;32mspring-boot-maven-plugin:3.2.0:run[m [1m(default-cli)[m @ [36midentity-svc[0;1m ---[m
[[1;34mINFO[m] Attaching agents: []

  .   ____          _            __ _ _
 /\\ / ___'_ __ _ _(_)_ __  __ _ \ \ \ \
( ( )\___ | '_ | '_| | '_ \/ _` | \ \ \ \
 \\/  ___)| |_)| | | | | || (_| |  ) ) ) )
  '  |____| .__|_| |_|_| |_\__, | / / / /
 =========|_|==============|___/=/_/_/_/
 :: Spring Boot ::                (v3.2.0)

2025-11-26T14:50:43.807-08:00  INFO 304498 --- [identity-svc] [           main] c.f.identity.IdentityServiceApplication  : Starting IdentityServiceApplication using Java 17.0.17 with PID 304498 (/home/mkhan/office/COPILOT_CHAT_PROJECT_FOLDER/fsm_test_01/backend/identity-svc/target/classes started by mkhan in /home/mkhan/office/COPILOT_CHAT_PROJECT_FOLDER/fsm_test_01/backend/identity-svc)
2025-11-26T14:50:43.810-08:00  INFO 304498 --- [identity-svc] [           main] c.f.identity.IdentityServiceApplication  : No active profile set, falling back to 1 default profile: "default"
2025-11-26T14:50:44.550-08:00  INFO 304498 --- [identity-svc] [           main] .s.d.r.c.RepositoryConfigurationDelegate : Bootstrapping Spring Data JPA repositories in DEFAULT mode.
2025-11-26T14:50:44.595-08:00  INFO 304498 --- [identity-svc] [           main] .s.d.r.c.RepositoryConfigurationDelegate : Finished Spring Data repository scanning in 38 ms. Found 2 JPA repository interfaces.
2025-11-26T14:50:45.002-08:00  INFO 304498 --- [identity-svc] [           main] o.s.b.w.embedded.tomcat.TomcatWebServer  : Tomcat initialized with port 8080 (http)
2025-11-26T14:50:45.009-08:00  INFO 304498 --- [identity-svc] [           main] o.apache.catalina.core.StandardService   : Starting service [Tomcat]
2025-11-26T14:50:45.009-08:00  INFO 304498 --- [identity-svc] [           main] o.apache.catalina.core.StandardEngine    : Starting Servlet engine: [Apache Tomcat/10.1.16]
2025-11-26T14:50:45.051-08:00  INFO 304498 --- [identity-svc] [           main] o.a.c.c.C.[Tomcat].[localhost].[/]       : Initializing Spring embedded WebApplicationContext
2025-11-26T14:50:45.053-08:00  INFO 304498 --- [identity-svc] [           main] w.s.c.ServletWebServerApplicationContext : Root WebApplicationContext: initialization completed in 1199 ms
2025-11-26T14:50:45.129-08:00  WARN 304498 --- [identity-svc] [           main] JpaBaseConfiguration$JpaWebConfiguration : spring.jpa.open-in-view is enabled by default. Therefore, database queries may be performed during view rendering. Explicitly configure spring.jpa.open-in-view to disable this warning
2025-11-26T14:50:45.172-08:00  INFO 304498 --- [identity-svc] [           main] com.zaxxer.hikari.HikariDataSource       : HikariPool-1 - Starting...
2025-11-26T14:50:45.274-08:00  INFO 304498 --- [identity-svc] [           main] com.zaxxer.hikari.pool.HikariPool        : HikariPool-1 - Added connection org.postgresql.jdbc.PgConnection@58dad04a
2025-11-26T14:50:45.276-08:00  INFO 304498 --- [identity-svc] [           main] com.zaxxer.hikari.HikariDataSource       : HikariPool-1 - Start completed.
2025-11-26T14:50:45.319-08:00  INFO 304498 --- [identity-svc] [           main] o.f.c.internal.license.VersionPrinter    : Flyway Community Edition 9.22.3 by Redgate
2025-11-26T14:50:45.320-08:00  INFO 304498 --- [identity-svc] [           main] o.f.c.internal.license.VersionPrinter    : See release notes here: https://rd.gt/416ObMi
2025-11-26T14:50:45.320-08:00  INFO 304498 --- [identity-svc] [           main] o.f.c.internal.license.VersionPrinter    : 
2025-11-26T14:50:45.329-08:00  INFO 304498 --- [identity-svc] [           main] org.flywaydb.core.FlywayExecutor         : Database: jdbc:postgresql://localhost:5432/identitydb (PostgreSQL 15.15)
2025-11-26T14:50:45.367-08:00  INFO 304498 --- [identity-svc] [           main] o.f.core.internal.command.DbValidate     : Successfully validated 8 migrations (execution time 00:00.021s)
2025-11-26T14:50:45.399-08:00  INFO 304498 --- [identity-svc] [           main] o.f.core.internal.command.DbMigrate      : Current version of schema "public": 8
2025-11-26T14:50:45.401-08:00  INFO 304498 --- [identity-svc] [           main] o.f.core.internal.command.DbMigrate      : Schema "public" is up to date. No migration necessary.
2025-11-26T14:50:45.441-08:00  INFO 304498 --- [identity-svc] [           main] o.hibernate.jpa.internal.util.LogHelper  : HHH000204: Processing PersistenceUnitInfo [name: default]
2025-11-26T14:50:45.483-08:00  INFO 304498 --- [identity-svc] [           main] org.hibernate.Version                    : HHH000412: Hibernate ORM core version 6.3.1.Final
2025-11-26T14:50:45.502-08:00  INFO 304498 --- [identity-svc] [           main] o.h.c.internal.RegionFactoryInitiator    : HHH000026: Second-level cache disabled
2025-11-26T14:50:45.645-08:00  INFO 304498 --- [identity-svc] [           main] o.s.o.j.p.SpringPersistenceUnitInfo      : No LoadTimeWeaver setup: ignoring JPA class transformer
2025-11-26T14:50:45.678-08:00  WARN 304498 --- [identity-svc] [           main] org.hibernate.orm.deprecation            : HHH90000025: PostgreSQLDialect does not need to be specified explicitly using 'hibernate.dialect' (remove the property setting and it will be selected by default)
2025-11-26T14:50:46.188-08:00  INFO 304498 --- [identity-svc] [           main] o.h.e.t.j.p.i.JtaPlatformInitiator       : HHH000489: No JTA platform available (set 'hibernate.transaction.jta.platform' to enable JTA platform integration)
2025-11-26T14:50:46.219-08:00  INFO 304498 --- [identity-svc] [           main] j.LocalContainerEntityManagerFactoryBean : Initialized JPA EntityManagerFactory for persistence unit 'default'
2025-11-26T14:50:46.474-08:00  INFO 304498 --- [identity-svc] [           main] o.s.d.j.r.query.QueryEnhancerFactory     : Hibernate is in classpath; If applicable, HQL parser will be used.
2025-11-26T14:50:46.813-08:00  WARN 304498 --- [identity-svc] [           main] .s.s.UserDetailsServiceAutoConfiguration : 

Using generated security password: 660c4854-54f6-4023-81d3-4aec09cc036b

This generated password is for development use only. Your security configuration must be updated before running your application in production.

2025-11-26T14:50:46.928-08:00  INFO 304498 --- [identity-svc] [           main] o.s.s.web.DefaultSecurityFilterChain     : Will secure any request with [org.springframework.security.web.session.DisableEncodeUrlFilter@1d8230cd, org.springframework.security.web.context.request.async.WebAsyncManagerIntegrationFilter@b257072, org.springframework.security.web.context.SecurityContextHolderFilter@c52c362, org.springframework.security.web.header.HeaderWriterFilter@3d287f7c, org.springframework.web.filter.CorsFilter@738da6f2, org.springframework.security.web.authentication.logout.LogoutFilter@3de507af, com.fsm.identity.infrastructure.security.JwtAuthenticationFilter@1b01a0d, com.fsm.identity.infrastructure.security.RoleAuthorizationFilter@5b643d6e, org.springframework.security.web.savedrequest.RequestCacheAwareFilter@efe75a2, org.springframework.security.web.servletapi.SecurityContextHolderAwareRequestFilter@a49cdd6, org.springframework.security.web.authentication.AnonymousAuthenticationFilter@1b513ce8, org.springframework.security.web.session.SessionManagementFilter@5cd5e1b6, org.springframework.security.web.access.ExceptionTranslationFilter@3e1c566d, org.springframework.security.web.access.intercept.AuthorizationFilter@2e29a7d]
2025-11-26T14:50:47.137-08:00  INFO 304498 --- [identity-svc] [           main] o.s.b.w.embedded.tomcat.TomcatWebServer  : Tomcat started on port 8080 (http) with context path ''
2025-11-26T14:50:47.143-08:00  INFO 304498 --- [identity-svc] [           main] c.f.identity.IdentityServiceApplication  : Started IdentityServiceApplication in 3.618 seconds (process running for 3.889)
2025-11-26T14:51:30.457-08:00  INFO 304498 --- [identity-svc] [nio-8080-exec-2] o.a.c.c.C.[Tomcat].[localhost].[/]       : Initializing Spring DispatcherServlet 'dispatcherServlet'
2025-11-26T14:51:30.458-08:00  INFO 304498 --- [identity-svc] [nio-8080-exec-2] o.s.web.servlet.DispatcherServlet        : Initializing Servlet 'dispatcherServlet'
2025-11-26T14:51:30.460-08:00  INFO 304498 --- [identity-svc] [nio-8080-exec-2] o.s.web.servlet.DispatcherServlet        : Completed initialization in 2 ms
2025-11-26T14:51:30.486-08:00  WARN 304498 --- [identity-svc] [nio-8080-exec-2] o.s.w.s.h.HandlerMappingIntrospector     : Cache miss for REQUEST dispatch to '/api/auth/login' (previous null). Performing MatchableHandlerMapping lookup. This is logged once only at WARN level, and every time at TRACE.
2025-11-26T14:51:30.576-08:00  INFO 304498 --- [identity-svc] [nio-8080-exec-2] c.f.i.application.service.AuthService    : Login attempt for email: dispatcher@fsm.com
Hibernate: 
    select
        u1_0.id,
        u1_0.created_at,
        u1_0.device_token,
        u1_0.email,
        u1_0.name,
        u1_0.password,
        u1_0.phone,
        u1_0.role_id,
        u1_0.status,
        u1_0.updated_at 
    from
        users u1_0 
    where
        u1_0.email=?
Hibernate: 
    select
        re1_0.id,
        re1_0.created_at,
        re1_0.description,
        re1_0.name,
        re1_0.updated_at 
    from
        roles re1_0 
    where
        re1_0.id=?
2025-11-26T14:51:30.751-08:00  INFO 304498 --- [identity-svc] [nio-8080-exec-2] c.f.i.application.service.AuthService    : Login successful for user: dispatcher@fsm.com
