[[1;34mINFO[m] Scanning for projects...
[[1;34mINFO[m] 
[[1;34mINFO[m] [1m------------------------< [0;36mcom.fsm:location-svc[0;1m >------------------------[m
[[1;34mINFO[m] [1mBuilding location-svc 0.0.1-SNAPSHOT[m
[[1;34mINFO[m] [1m--------------------------------[ jar ]---------------------------------[m
[[1;34mINFO[m] 
[[1;34mINFO[m] [1m>>> [0;32mspring-boot-maven-plugin:3.2.0:run[m [1m(default-cli)[0;1m > [0;1mtest-compile[m @ [36mlocation-svc[0;1m >>>[m
[[1;34mINFO[m] 
[[1;34mINFO[m] [1m--- [0;32mjacoco-maven-plugin:0.8.11:prepare-agent[m [1m(default)[m @ [36mlocation-svc[0;1m ---[m
[[1;34mINFO[m] argLine set to -javaagent:/home/mkhan/.m2/repository/org/jacoco/org.jacoco.agent/0.8.11/org.jacoco.agent-0.8.11-runtime.jar=destfile=/home/mkhan/office/COPILOT_CHAT_PROJECT_FOLDER/fsm_test_01/backend/location-svc/target/jacoco.exec
[[1;34mINFO[m] 
[[1;34mINFO[m] [1m--- [0;32mmaven-resources-plugin:3.3.1:resources[m [1m(default-resources)[m @ [36mlocation-svc[0;1m ---[m
[[1;34mINFO[m] Copying 2 resources from src/main/resources to target/classes
[[1;34mINFO[m] Copying 3 resources from src/main/resources to target/classes
[[1;34mINFO[m] 
[[1;34mINFO[m] [1m--- [0;32mmaven-compiler-plugin:3.11.0:compile[m [1m(default-compile)[m @ [36mlocation-svc[0;1m ---[m
[[1;34mINFO[m] Nothing to compile - all classes are up to date
[[1;34mINFO[m] 
[[1;34mINFO[m] [1m--- [0;32mmaven-resources-plugin:3.3.1:testResources[m [1m(default-testResources)[m @ [36mlocation-svc[0;1m ---[m
[[1;34mINFO[m] Copying 1 resource from src/test/resources to target/test-classes
[[1;34mINFO[m] 
[[1;34mINFO[m] [1m--- [0;32mmaven-compiler-plugin:3.11.0:testCompile[m [1m(default-testCompile)[m @ [36mlocation-svc[0;1m ---[m
[[1;34mINFO[m] Nothing to compile - all classes are up to date
[[1;34mINFO[m] 
[[1;34mINFO[m] [1m<<< [0;32mspring-boot-maven-plugin:3.2.0:run[m [1m(default-cli)[0;1m < [0;1mtest-compile[m @ [36mlocation-svc[0;1m <<<[m
[[1;34mINFO[m] 
[[1;34mINFO[m] 
[[1;34mINFO[m] [1m--- [0;32mspring-boot-maven-plugin:3.2.0:run[m [1m(default-cli)[m @ [36mlocation-svc[0;1m ---[m
[[1;34mINFO[m] Attaching agents: []

  .   ____          _            __ _ _
 /\\ / ___'_ __ _ _(_)_ __  __ _ \ \ \ \
( ( )\___ | '_ | '_| | '_ \/ _` | \ \ \ \
 \\/  ___)| |_)| | | | | || (_| |  ) ) ) )
  '  |____| .__|_| |_|_| |_\__, | / / / /
 =========|_|==============|___/=/_/_/_/
 :: Spring Boot ::                (v3.2.0)

2025-11-26T14:50:43.817-08:00  INFO 304507 --- [location-svc] [           main] c.f.location.LocationServiceApplication  : Starting LocationServiceApplication using Java 17.0.17 with PID 304507 (/home/mkhan/office/COPILOT_CHAT_PROJECT_FOLDER/fsm_test_01/backend/location-svc/target/classes started by mkhan in /home/mkhan/office/COPILOT_CHAT_PROJECT_FOLDER/fsm_test_01/backend/location-svc)
2025-11-26T14:50:43.821-08:00  INFO 304507 --- [location-svc] [           main] c.f.location.LocationServiceApplication  : No active profile set, falling back to 1 default profile: "default"
2025-11-26T14:50:44.555-08:00  INFO 304507 --- [location-svc] [           main] .s.d.r.c.RepositoryConfigurationDelegate : Bootstrapping Spring Data JPA repositories in DEFAULT mode.
2025-11-26T14:50:44.595-08:00  INFO 304507 --- [location-svc] [           main] .s.d.r.c.RepositoryConfigurationDelegate : Finished Spring Data repository scanning in 34 ms. Found 1 JPA repository interface.
2025-11-26T14:50:45.142-08:00  INFO 304507 --- [location-svc] [           main] o.s.b.w.embedded.tomcat.TomcatWebServer  : Tomcat initialized with port 8082 (http)
2025-11-26T14:50:45.150-08:00  INFO 304507 --- [location-svc] [           main] o.apache.catalina.core.StandardService   : Starting service [Tomcat]
2025-11-26T14:50:45.150-08:00  INFO 304507 --- [location-svc] [           main] o.apache.catalina.core.StandardEngine    : Starting Servlet engine: [Apache Tomcat/10.1.16]
2025-11-26T14:50:45.188-08:00  INFO 304507 --- [location-svc] [           main] o.a.c.c.C.[Tomcat].[localhost].[/]       : Initializing Spring embedded WebApplicationContext
2025-11-26T14:50:45.189-08:00  INFO 304507 --- [location-svc] [           main] w.s.c.ServletWebServerApplicationContext : Root WebApplicationContext: initialization completed in 1325 ms
2025-11-26T14:50:45.287-08:00  INFO 304507 --- [location-svc] [           main] com.zaxxer.hikari.HikariDataSource       : HikariPool-1 - Starting...
2025-11-26T14:50:45.408-08:00  INFO 304507 --- [location-svc] [           main] com.zaxxer.hikari.pool.HikariPool        : HikariPool-1 - Added connection conn0: url=jdbc:h2:mem:locationdb user=SA
2025-11-26T14:50:45.409-08:00  INFO 304507 --- [location-svc] [           main] com.zaxxer.hikari.HikariDataSource       : HikariPool-1 - Start completed.
2025-11-26T14:50:45.457-08:00  INFO 304507 --- [location-svc] [           main] o.f.c.internal.license.VersionPrinter    : Flyway Community Edition 9.22.3 by Redgate
2025-11-26T14:50:45.457-08:00  INFO 304507 --- [location-svc] [           main] o.f.c.internal.license.VersionPrinter    : See release notes here: https://rd.gt/416ObMi
2025-11-26T14:50:45.457-08:00  INFO 304507 --- [location-svc] [           main] o.f.c.internal.license.VersionPrinter    : 
2025-11-26T14:50:45.491-08:00  INFO 304507 --- [location-svc] [           main] org.flywaydb.core.FlywayExecutor         : Database: jdbc:h2:mem:locationdb (H2 2.2)
2025-11-26T14:50:45.496-08:00  WARN 304507 --- [location-svc] [           main] o.f.c.internal.database.base.Database    : Flyway upgrade recommended: H2 2.2.224 is newer than this version of Flyway and support has not been tested. The latest supported version of H2 is 2.2.220.
2025-11-26T14:50:45.509-08:00  INFO 304507 --- [location-svc] [           main] o.f.c.i.s.JdbcTableSchemaHistory         : Schema history table "PUBLIC"."flyway_schema_history" does not exist yet
2025-11-26T14:50:45.511-08:00  INFO 304507 --- [location-svc] [           main] o.f.core.internal.command.DbValidate     : Successfully validated 2 migrations (execution time 00:00.007s)
2025-11-26T14:50:45.519-08:00  INFO 304507 --- [location-svc] [           main] o.f.c.i.s.JdbcTableSchemaHistory         : Creating Schema History table "PUBLIC"."flyway_schema_history" ...
2025-11-26T14:50:45.539-08:00  INFO 304507 --- [location-svc] [           main] o.f.core.internal.command.DbMigrate      : Current version of schema "PUBLIC": << Empty Schema >>
2025-11-26T14:50:45.544-08:00  INFO 304507 --- [location-svc] [           main] o.f.core.internal.command.DbMigrate      : Migrating schema "PUBLIC" to version "1 - Create technician locations table"
2025-11-26T14:50:45.558-08:00  INFO 304507 --- [location-svc] [           main] o.f.core.internal.command.DbMigrate      : Migrating schema "PUBLIC" to version "2 - insert sample locations"
2025-11-26T14:50:45.568-08:00  INFO 304507 --- [location-svc] [           main] o.f.core.internal.command.DbMigrate      : Successfully applied 2 migrations to schema "PUBLIC", now at version v2 (execution time 00:00.008s)
2025-11-26T14:50:45.630-08:00  INFO 304507 --- [location-svc] [           main] o.hibernate.jpa.internal.util.LogHelper  : HHH000204: Processing PersistenceUnitInfo [name: default]
2025-11-26T14:50:45.660-08:00  INFO 304507 --- [location-svc] [           main] org.hibernate.Version                    : HHH000412: Hibernate ORM core version 6.3.1.Final
2025-11-26T14:50:45.667-08:00  INFO 304507 --- [location-svc] [           main] o.h.spatial.integration.SpatialService   : HHH80000001: hibernate-spatial integration enabled : true
2025-11-26T14:50:45.683-08:00  INFO 304507 --- [location-svc] [           main] o.h.c.internal.RegionFactoryInitiator    : HHH000026: Second-level cache disabled
2025-11-26T14:50:45.758-08:00  WARN 304507 --- [location-svc] [           main] org.hibernate.orm.deprecation            : HHH90000025: H2Dialect does not need to be specified explicitly using 'hibernate.dialect' (remove the property setting and it will be selected by default)
2025-11-26T14:50:45.769-08:00  INFO 304507 --- [location-svc] [           main] org.hibernate.spatial                    : HHH80000003: hibernate-spatial adding type contributions from : org.hibernate.spatial.dialect.h2gis.H2GisDialectContributor
2025-11-26T14:50:45.849-08:00  INFO 304507 --- [location-svc] [           main] o.s.o.j.p.SpringPersistenceUnitInfo      : No LoadTimeWeaver setup: ignoring JPA class transformer
2025-11-26T14:50:45.863-08:00  INFO 304507 --- [location-svc] [           main] org.hibernate.spatial                    : HHH80000003: hibernate-spatial adding type contributions from : org.hibernate.spatial.dialect.h2gis.H2GisDialectContributor
2025-11-26T14:50:46.000-08:00  INFO 304507 --- [location-svc] [           main] org.hibernate.spatial                    : HHH80000004: hibernate-spatial adding function contributions from : org.hibernate.spatial.dialect.h2gis.H2GisDialectContributor
2025-11-26T14:50:46.320-08:00  INFO 304507 --- [location-svc] [           main] o.h.e.t.j.p.i.JtaPlatformInitiator       : HHH000489: No JTA platform available (set 'hibernate.transaction.jta.platform' to enable JTA platform integration)
2025-11-26T14:50:46.335-08:00  INFO 304507 --- [location-svc] [           main] j.LocalContainerEntityManagerFactoryBean : Initialized JPA EntityManagerFactory for persistence unit 'default'
2025-11-26T14:50:46.541-08:00  INFO 304507 --- [location-svc] [           main] o.s.d.j.r.query.QueryEnhancerFactory     : Hibernate is in classpath; If applicable, HQL parser will be used.
2025-11-26T14:50:47.046-08:00  WARN 304507 --- [location-svc] [           main] JpaBaseConfiguration$JpaWebConfiguration : spring.jpa.open-in-view is enabled by default. Therefore, database queries may be performed during view rendering. Explicitly configure spring.jpa.open-in-view to disable this warning
2025-11-26T14:50:47.067-08:00  WARN 304507 --- [location-svc] [           main] .s.s.UserDetailsServiceAutoConfiguration : 

Using generated security password: 45a71efb-6a68-45b2-985d-f352dded88f9

This generated password is for development use only. Your security configuration must be updated before running your application in production.

2025-11-26T14:50:47.305-08:00  INFO 304507 --- [location-svc] [           main] o.s.s.web.DefaultSecurityFilterChain     : Will secure any request with [org.springframework.security.web.session.DisableEncodeUrlFilter@a6e0e5f, org.springframework.security.web.context.request.async.WebAsyncManagerIntegrationFilter@15d6f0e1, org.springframework.security.web.context.SecurityContextHolderFilter@2dd25088, org.springframework.security.web.header.HeaderWriterFilter@625439ba, org.springframework.web.filter.CorsFilter@3116e9d2, org.springframework.security.web.authentication.logout.LogoutFilter@55e073c8, org.springframework.security.web.savedrequest.RequestCacheAwareFilter@546ab02b, org.springframework.security.web.servletapi.SecurityContextHolderAwareRequestFilter@7bec83d5, org.springframework.security.web.authentication.AnonymousAuthenticationFilter@312eb, org.springframework.security.web.session.SessionManagementFilter@73e4ecb, org.springframework.security.web.access.ExceptionTranslationFilter@b09df69, org.springframework.security.web.access.intercept.AuthorizationFilter@5e9f4f76]
2025-11-26T14:50:47.537-08:00  INFO 304507 --- [location-svc] [           main] o.s.b.w.embedded.tomcat.TomcatWebServer  : Tomcat started on port 8082 (http) with context path ''
2025-11-26T14:50:47.545-08:00  INFO 304507 --- [location-svc] [           main] c.f.location.LocationServiceApplication  : Started LocationServiceApplication in 4.01 seconds (process running for 4.28)
2025-11-26T14:51:34.864-08:00  INFO 304507 --- [location-svc] [nio-8082-exec-3] o.a.c.c.C.[Tomcat].[localhost].[/]       : Initializing Spring DispatcherServlet 'dispatcherServlet'
2025-11-26T14:51:34.865-08:00  INFO 304507 --- [location-svc] [nio-8082-exec-3] o.s.web.servlet.DispatcherServlet        : Initializing Servlet 'dispatcherServlet'
2025-11-26T14:51:34.867-08:00  INFO 304507 --- [location-svc] [nio-8082-exec-3] o.s.web.servlet.DispatcherServlet        : Completed initialization in 1 ms
