[[1;34mINFO[m] Scanning for projects...
[[1;34mINFO[m] 
[[1;34mINFO[m] [1m----------------------< [0;36mcom.fsm:notification-svc[0;1m >----------------------[m
[[1;34mINFO[m] [1mBuilding notification-svc 0.0.1-SNAPSHOT[m
[[1;34mINFO[m] [1m--------------------------------[ jar ]---------------------------------[m
[[1;34mINFO[m] 
[[1;34mINFO[m] [1m>>> [0;32mspring-boot-maven-plugin:3.2.0:run[m [1m(default-cli)[0;1m > [0;1mtest-compile[m @ [36mnotification-svc[0;1m >>>[m
[[1;34mINFO[m] 
[[1;34mINFO[m] [1m--- [0;32mjacoco-maven-plugin:0.8.11:prepare-agent[m [1m(default)[m @ [36mnotification-svc[0;1m ---[m
[[1;34mINFO[m] argLine set to -javaagent:/home/mkhan/.m2/repository/org/jacoco/org.jacoco.agent/0.8.11/org.jacoco.agent-0.8.11-runtime.jar=destfile=/home/mkhan/office/COPILOT_CHAT_PROJECT_FOLDER/fsm_test_01/backend/notification-svc/target/jacoco.exec
[[1;34mINFO[m] 
[[1;34mINFO[m] [1m--- [0;32mmaven-resources-plugin:3.3.1:resources[m [1m(default-resources)[m @ [36mnotification-svc[0;1m ---[m
[[1;34mINFO[m] Copying 2 resources from src/main/resources to target/classes
[[1;34mINFO[m] Copying 2 resources from src/main/resources to target/classes
[[1;34mINFO[m] 
[[1;34mINFO[m] [1m--- [0;32mmaven-compiler-plugin:3.11.0:compile[m [1m(default-compile)[m @ [36mnotification-svc[0;1m ---[m
[[1;34mINFO[m] Nothing to compile - all classes are up to date
[[1;34mINFO[m] 
[[1;34mINFO[m] [1m--- [0;32mmaven-resources-plugin:3.3.1:testResources[m [1m(default-testResources)[m @ [36mnotification-svc[0;1m ---[m
[[1;34mINFO[m] Copying 1 resource from src/test/resources to target/test-classes
[[1;34mINFO[m] 
[[1;34mINFO[m] [1m--- [0;32mmaven-compiler-plugin:3.11.0:testCompile[m [1m(default-testCompile)[m @ [36mnotification-svc[0;1m ---[m
[[1;34mINFO[m] Nothing to compile - all classes are up to date
[[1;34mINFO[m] 
[[1;34mINFO[m] [1m<<< [0;32mspring-boot-maven-plugin:3.2.0:run[m [1m(default-cli)[0;1m < [0;1mtest-compile[m @ [36mnotification-svc[0;1m <<<[m
[[1;34mINFO[m] 
[[1;34mINFO[m] 
[[1;34mINFO[m] [1m--- [0;32mspring-boot-maven-plugin:3.2.0:run[m [1m(default-cli)[m @ [36mnotification-svc[0;1m ---[m
[[1;34mINFO[m] Attaching agents: []
Standard Commons Logging discovery in action with spring-jcl: please remove commons-logging.jar from classpath in order to avoid potential conflicts

  .   ____          _            __ _ _
 /\\ / ___'_ __ _ _(_)_ __  __ _ \ \ \ \
( ( )\___ | '_ | '_| | '_ \/ _` | \ \ \ \
 \\/  ___)| |_)| | | | | || (_| |  ) ) ) )
  '  |____| .__|_| |_|_| |_\__, | / / / /
 =========|_|==============|___/=/_/_/_/
 :: Spring Boot ::                (v3.2.0)

2025-11-26T14:50:44.196-08:00  INFO 304552 --- [notification-svc] [           main] c.f.n.NotificationServiceApplication     : Starting NotificationServiceApplication using Java 17.0.17 with PID 304552 (/home/mkhan/office/COPILOT_CHAT_PROJECT_FOLDER/fsm_test_01/backend/notification-svc/target/classes started by mkhan in /home/mkhan/office/COPILOT_CHAT_PROJECT_FOLDER/fsm_test_01/backend/notification-svc)
2025-11-26T14:50:44.200-08:00  INFO 304552 --- [notification-svc] [           main] c.f.n.NotificationServiceApplication     : No active profile set, falling back to 1 default profile: "default"
2025-11-26T14:50:44.782-08:00  INFO 304552 --- [notification-svc] [           main] .s.d.r.c.RepositoryConfigurationDelegate : Bootstrapping Spring Data JPA repositories in DEFAULT mode.
2025-11-26T14:50:44.830-08:00  INFO 304552 --- [notification-svc] [           main] .s.d.r.c.RepositoryConfigurationDelegate : Finished Spring Data repository scanning in 42 ms. Found 1 JPA repository interface.
2025-11-26T14:50:45.211-08:00  INFO 304552 --- [notification-svc] [           main] o.s.b.w.embedded.tomcat.TomcatWebServer  : Tomcat initialized with port 8083 (http)
2025-11-26T14:50:45.228-08:00  INFO 304552 --- [notification-svc] [           main] o.apache.catalina.core.StandardService   : Starting service [Tomcat]
2025-11-26T14:50:45.228-08:00  INFO 304552 --- [notification-svc] [           main] o.apache.catalina.core.StandardEngine    : Starting Servlet engine: [Apache Tomcat/10.1.16]
2025-11-26T14:50:45.274-08:00  INFO 304552 --- [notification-svc] [           main] o.a.c.c.C.[Tomcat].[localhost].[/]       : Initializing Spring embedded WebApplicationContext
2025-11-26T14:50:45.275-08:00  INFO 304552 --- [notification-svc] [           main] w.s.c.ServletWebServerApplicationContext : Root WebApplicationContext: initialization completed in 1040 ms
Standard Commons Logging discovery in action with spring-jcl: please remove commons-logging.jar from classpath in order to avoid potential conflicts
2025-11-26T14:50:45.341-08:00  INFO 304552 --- [notification-svc] [           main] com.zaxxer.hikari.HikariDataSource       : HikariPool-1 - Starting...
2025-11-26T14:50:45.472-08:00  INFO 304552 --- [notification-svc] [           main] com.zaxxer.hikari.pool.HikariPool        : HikariPool-1 - Added connection conn0: url=jdbc:h2:mem:notificationdb user=SA
2025-11-26T14:50:45.474-08:00  INFO 304552 --- [notification-svc] [           main] com.zaxxer.hikari.HikariDataSource       : HikariPool-1 - Start completed.
2025-11-26T14:50:45.518-08:00  INFO 304552 --- [notification-svc] [           main] o.f.c.internal.license.VersionPrinter    : Flyway Community Edition 9.22.3 by Redgate
2025-11-26T14:50:45.518-08:00  INFO 304552 --- [notification-svc] [           main] o.f.c.internal.license.VersionPrinter    : See release notes here: https://rd.gt/416ObMi
2025-11-26T14:50:45.518-08:00  INFO 304552 --- [notification-svc] [           main] o.f.c.internal.license.VersionPrinter    : 
2025-11-26T14:50:45.547-08:00  INFO 304552 --- [notification-svc] [           main] org.flywaydb.core.FlywayExecutor         : Database: jdbc:h2:mem:notificationdb (H2 2.2)
2025-11-26T14:50:45.555-08:00  WARN 304552 --- [notification-svc] [           main] o.f.c.internal.database.base.Database    : Flyway upgrade recommended: H2 2.2.224 is newer than this version of Flyway and support has not been tested. The latest supported version of H2 is 2.2.220.
2025-11-26T14:50:45.572-08:00  INFO 304552 --- [notification-svc] [           main] o.f.c.i.s.JdbcTableSchemaHistory         : Schema history table "PUBLIC"."flyway_schema_history" does not exist yet
2025-11-26T14:50:45.574-08:00  INFO 304552 --- [notification-svc] [           main] o.f.core.internal.command.DbValidate     : Successfully validated 1 migration (execution time 00:00.009s)
2025-11-26T14:50:45.580-08:00  INFO 304552 --- [notification-svc] [           main] o.f.c.i.s.JdbcTableSchemaHistory         : Creating Schema History table "PUBLIC"."flyway_schema_history" ...
2025-11-26T14:50:45.601-08:00  INFO 304552 --- [notification-svc] [           main] o.f.core.internal.command.DbMigrate      : Current version of schema "PUBLIC": << Empty Schema >>
2025-11-26T14:50:45.615-08:00  INFO 304552 --- [notification-svc] [           main] o.f.core.internal.command.DbMigrate      : Migrating schema "PUBLIC" to version "1 - create notifications table"
2025-11-26T14:50:45.635-08:00  INFO 304552 --- [notification-svc] [           main] o.f.core.internal.command.DbMigrate      : Successfully applied 1 migration to schema "PUBLIC", now at version v1 (execution time 00:00.012s)
2025-11-26T14:50:45.682-08:00  INFO 304552 --- [notification-svc] [           main] o.hibernate.jpa.internal.util.LogHelper  : HHH000204: Processing PersistenceUnitInfo [name: default]
2025-11-26T14:50:45.714-08:00  INFO 304552 --- [notification-svc] [           main] org.hibernate.Version                    : HHH000412: Hibernate ORM core version 6.3.1.Final
2025-11-26T14:50:45.735-08:00  INFO 304552 --- [notification-svc] [           main] o.h.c.internal.RegionFactoryInitiator    : HHH000026: Second-level cache disabled
2025-11-26T14:50:45.855-08:00  INFO 304552 --- [notification-svc] [           main] o.s.o.j.p.SpringPersistenceUnitInfo      : No LoadTimeWeaver setup: ignoring JPA class transformer
2025-11-26T14:50:45.882-08:00  WARN 304552 --- [notification-svc] [           main] org.hibernate.orm.deprecation            : HHH90000025: H2Dialect does not need to be specified explicitly using 'hibernate.dialect' (remove the property setting and it will be selected by default)
2025-11-26T14:50:46.353-08:00  INFO 304552 --- [notification-svc] [           main] o.h.e.t.j.p.i.JtaPlatformInitiator       : HHH000489: No JTA platform available (set 'hibernate.transaction.jta.platform' to enable JTA platform integration)
2025-11-26T14:50:46.368-08:00  INFO 304552 --- [notification-svc] [           main] j.LocalContainerEntityManagerFactoryBean : Initialized JPA EntityManagerFactory for persistence unit 'default'
2025-11-26T14:50:46.387-08:00  INFO 304552 --- [notification-svc] [           main] c.f.n.a.s.FcmPushNotificationService     : FCM is disabled. Notifications will be logged but not sent.
2025-11-26T14:50:46.636-08:00  INFO 304552 --- [notification-svc] [           main] o.s.d.j.r.query.QueryEnhancerFactory     : Hibernate is in classpath; If applicable, HQL parser will be used.
2025-11-26T14:50:46.971-08:00  WARN 304552 --- [notification-svc] [           main] JpaBaseConfiguration$JpaWebConfiguration : spring.jpa.open-in-view is enabled by default. Therefore, database queries may be performed during view rendering. Explicitly configure spring.jpa.open-in-view to disable this warning
2025-11-26T14:50:47.266-08:00  INFO 304552 --- [notification-svc] [           main] o.s.b.w.embedded.tomcat.TomcatWebServer  : Tomcat started on port 8083 (http) with context path ''
2025-11-26T14:50:47.274-08:00  INFO 304552 --- [notification-svc] [           main] c.f.n.NotificationServiceApplication     : Started NotificationServiceApplication in 3.412 seconds (process running for 3.726)
