[[1;34mINFO[m] Scanning for projects...
[[1;34mINFO[m] 
[[1;34mINFO[m] [1m--------------------------< [0;36mcom.fsm:task-svc[0;1m >--------------------------[m
[[1;34mINFO[m] [1mBuilding task-svc 0.0.1-SNAPSHOT[m
[[1;34mINFO[m] [1m--------------------------------[ jar ]---------------------------------[m
[[1;34mINFO[m] 
[[1;34mINFO[m] [1m>>> [0;32mspring-boot-maven-plugin:3.2.0:run[m [1m(default-cli)[0;1m > [0;1mtest-compile[m @ [36mtask-svc[0;1m >>>[m
[[1;34mINFO[m] 
[[1;34mINFO[m] [1m--- [0;32mjacoco-maven-plugin:0.8.11:prepare-agent[m [1m(default)[m @ [36mtask-svc[0;1m ---[m
[[1;34mINFO[m] argLine set to -javaagent:/home/mkhan/.m2/repository/org/jacoco/org.jacoco.agent/0.8.11/org.jacoco.agent-0.8.11-runtime.jar=destfile=/home/mkhan/office/COPILOT_CHAT_PROJECT_FOLDER/fsm_test_01/backend/task-svc/target/jacoco.exec
[[1;34mINFO[m] 
[[1;34mINFO[m] [1m--- [0;32mmaven-resources-plugin:3.3.1:resources[m [1m(default-resources)[m @ [36mtask-svc[0;1m ---[m
[[1;34mINFO[m] Copying 2 resources from src/main/resources to target/classes
[[1;34mINFO[m] Copying 9 resources from src/main/resources to target/classes
[[1;34mINFO[m] 
[[1;34mINFO[m] [1m--- [0;32mmaven-compiler-plugin:3.11.0:compile[m [1m(default-compile)[m @ [36mtask-svc[0;1m ---[m
[[1;34mINFO[m] Nothing to compile - all classes are up to date
[[1;34mINFO[m] 
[[1;34mINFO[m] [1m--- [0;32mmaven-resources-plugin:3.3.1:testResources[m [1m(default-testResources)[m @ [36mtask-svc[0;1m ---[m
[[1;34mINFO[m] Copying 1 resource from src/test/resources to target/test-classes
[[1;34mINFO[m] 
[[1;34mINFO[m] [1m--- [0;32mmaven-compiler-plugin:3.11.0:testCompile[m [1m(default-testCompile)[m @ [36mtask-svc[0;1m ---[m
[[1;34mINFO[m] Nothing to compile - all classes are up to date
[[1;34mINFO[m] 
[[1;34mINFO[m] [1m<<< [0;32mspring-boot-maven-plugin:3.2.0:run[m [1m(default-cli)[0;1m < [0;1mtest-compile[m @ [36mtask-svc[0;1m <<<[m
[[1;34mINFO[m] 
[[1;34mINFO[m] 
[[1;34mINFO[m] [1m--- [0;32mspring-boot-maven-plugin:3.2.0:run[m [1m(default-cli)[m @ [36mtask-svc[0;1m ---[m
[[1;34mINFO[m] Attaching agents: []

  .   ____          _            __ _ _
 /\\ / ___'_ __ _ _(_)_ __  __ _ \ \ \ \
( ( )\___ | '_ | '_| | '_ \/ _` | \ \ \ \
 \\/  ___)| |_)| | | | | || (_| |  ) ) ) )
  '  |____| .__|_| |_|_| |_\__, | / / / /
 =========|_|==============|___/=/_/_/_/
 :: Spring Boot ::                (v3.2.0)

2025-11-26T14:50:43.771-08:00  INFO 304484 --- [task-svc] [           main] com.fsm.task.TaskServiceApplication      : Starting TaskServiceApplication using Java 17.0.17 with PID 304484 (/home/mkhan/office/COPILOT_CHAT_PROJECT_FOLDER/fsm_test_01/backend/task-svc/target/classes started by mkhan in /home/mkhan/office/COPILOT_CHAT_PROJECT_FOLDER/fsm_test_01/backend/task-svc)
2025-11-26T14:50:43.773-08:00  INFO 304484 --- [task-svc] [           main] com.fsm.task.TaskServiceApplication      : No active profile set, falling back to 1 default profile: "default"
2025-11-26T14:50:44.574-08:00  INFO 304484 --- [task-svc] [           main] .s.d.r.c.RepositoryConfigurationDelegate : Bootstrapping Spring Data JPA repositories in DEFAULT mode.
2025-11-26T14:50:44.634-08:00  INFO 304484 --- [task-svc] [           main] .s.d.r.c.RepositoryConfigurationDelegate : Finished Spring Data repository scanning in 54 ms. Found 3 JPA repository interfaces.
2025-11-26T14:50:45.226-08:00  INFO 304484 --- [task-svc] [           main] o.s.b.w.embedded.tomcat.TomcatWebServer  : Tomcat initialized with port 8081 (http)
2025-11-26T14:50:45.233-08:00  INFO 304484 --- [task-svc] [           main] o.apache.catalina.core.StandardService   : Starting service [Tomcat]
2025-11-26T14:50:45.233-08:00  INFO 304484 --- [task-svc] [           main] o.apache.catalina.core.StandardEngine    : Starting Servlet engine: [Apache Tomcat/10.1.16]
2025-11-26T14:50:45.272-08:00  INFO 304484 --- [task-svc] [           main] o.a.c.c.C.[Tomcat].[localhost].[/]       : Initializing Spring embedded WebApplicationContext
2025-11-26T14:50:45.272-08:00  INFO 304484 --- [task-svc] [           main] w.s.c.ServletWebServerApplicationContext : Root WebApplicationContext: initialization completed in 1458 ms
2025-11-26T14:50:45.368-08:00  INFO 304484 --- [task-svc] [           main] com.zaxxer.hikari.HikariDataSource       : HikariPool-1 - Starting...
2025-11-26T14:50:45.500-08:00  INFO 304484 --- [task-svc] [           main] com.zaxxer.hikari.pool.HikariPool        : HikariPool-1 - Added connection conn0: url=jdbc:h2:mem:taskdb user=SA
2025-11-26T14:50:45.501-08:00  INFO 304484 --- [task-svc] [           main] com.zaxxer.hikari.HikariDataSource       : HikariPool-1 - Start completed.
2025-11-26T14:50:45.543-08:00  INFO 304484 --- [task-svc] [           main] o.f.c.internal.license.VersionPrinter    : Flyway Community Edition 9.22.3 by Redgate
2025-11-26T14:50:45.544-08:00  INFO 304484 --- [task-svc] [           main] o.f.c.internal.license.VersionPrinter    : See release notes here: https://rd.gt/416ObMi
2025-11-26T14:50:45.544-08:00  INFO 304484 --- [task-svc] [           main] o.f.c.internal.license.VersionPrinter    : 
2025-11-26T14:50:45.579-08:00  INFO 304484 --- [task-svc] [           main] org.flywaydb.core.FlywayExecutor         : Database: jdbc:h2:mem:taskdb (H2 2.2)
2025-11-26T14:50:45.585-08:00  WARN 304484 --- [task-svc] [           main] o.f.c.internal.database.base.Database    : Flyway upgrade recommended: H2 2.2.224 is newer than this version of Flyway and support has not been tested. The latest supported version of H2 is 2.2.220.
2025-11-26T14:50:45.603-08:00  INFO 304484 --- [task-svc] [           main] o.f.c.i.s.JdbcTableSchemaHistory         : Schema history table "PUBLIC"."flyway_schema_history" does not exist yet
2025-11-26T14:50:45.605-08:00  INFO 304484 --- [task-svc] [           main] o.f.core.internal.command.DbValidate     : Successfully validated 7 migrations (execution time 00:00.010s)
2025-11-26T14:50:45.611-08:00  INFO 304484 --- [task-svc] [           main] o.f.c.i.s.JdbcTableSchemaHistory         : Creating Schema History table "PUBLIC"."flyway_schema_history" ...
2025-11-26T14:50:45.638-08:00  INFO 304484 --- [task-svc] [           main] o.f.core.internal.command.DbMigrate      : Current version of schema "PUBLIC": << Empty Schema >>
2025-11-26T14:50:45.646-08:00  INFO 304484 --- [task-svc] [           main] o.f.core.internal.command.DbMigrate      : Migrating schema "PUBLIC" to version "1 - create service tasks table"
2025-11-26T14:50:45.664-08:00  INFO 304484 --- [task-svc] [           main] o.f.core.internal.command.DbMigrate      : Migrating schema "PUBLIC" to version "2 - create assignments table"
2025-11-26T14:50:45.677-08:00  INFO 304484 --- [task-svc] [           main] o.f.core.internal.command.DbMigrate      : Migrating schema "PUBLIC" to version "3 - add assigned technician to service tasks"
2025-11-26T14:50:45.700-08:00  INFO 304484 --- [task-svc] [           main] o.f.core.internal.command.DbMigrate      : Migrating schema "PUBLIC" to version "4 - create assignment history table"
2025-11-26T14:50:45.708-08:00  INFO 304484 --- [task-svc] [           main] o.f.core.internal.command.DbMigrate      : Migrating schema "PUBLIC" to version "5 - add started at to service tasks"
2025-11-26T14:50:45.728-08:00  INFO 304484 --- [task-svc] [           main] o.f.core.internal.command.DbMigrate      : Migrating schema "PUBLIC" to version "6 - add completion fields to service tasks"
2025-11-26T14:50:45.746-08:00  INFO 304484 --- [task-svc] [           main] o.f.core.internal.command.DbMigrate      : Migrating schema "PUBLIC" to version "7 - insert sample tasks"
2025-11-26T14:50:45.755-08:00  INFO 304484 --- [task-svc] [           main] o.f.core.internal.command.DbMigrate      : Successfully applied 7 migrations to schema "PUBLIC", now at version v7 (execution time 00:00.071s)
2025-11-26T14:50:45.812-08:00  INFO 304484 --- [task-svc] [           main] o.hibernate.jpa.internal.util.LogHelper  : HHH000204: Processing PersistenceUnitInfo [name: default]
2025-11-26T14:50:45.840-08:00  INFO 304484 --- [task-svc] [           main] org.hibernate.Version                    : HHH000412: Hibernate ORM core version 6.3.1.Final
2025-11-26T14:50:45.860-08:00  INFO 304484 --- [task-svc] [           main] o.h.c.internal.RegionFactoryInitiator    : HHH000026: Second-level cache disabled
2025-11-26T14:50:45.975-08:00  INFO 304484 --- [task-svc] [           main] o.s.o.j.p.SpringPersistenceUnitInfo      : No LoadTimeWeaver setup: ignoring JPA class transformer
2025-11-26T14:50:46.002-08:00  WARN 304484 --- [task-svc] [           main] org.hibernate.orm.deprecation            : HHH90000025: H2Dialect does not need to be specified explicitly using 'hibernate.dialect' (remove the property setting and it will be selected by default)
2025-11-26T14:50:46.566-08:00  INFO 304484 --- [task-svc] [           main] o.h.e.t.j.p.i.JtaPlatformInitiator       : HHH000489: No JTA platform available (set 'hibernate.transaction.jta.platform' to enable JTA platform integration)
2025-11-26T14:50:46.584-08:00  INFO 304484 --- [task-svc] [           main] j.LocalContainerEntityManagerFactoryBean : Initialized JPA EntityManagerFactory for persistence unit 'default'
2025-11-26T14:50:46.945-08:00  INFO 304484 --- [task-svc] [           main] o.s.d.j.r.query.QueryEnhancerFactory     : Hibernate is in classpath; If applicable, HQL parser will be used.
2025-11-26T14:50:47.481-08:00  WARN 304484 --- [task-svc] [           main] JpaBaseConfiguration$JpaWebConfiguration : spring.jpa.open-in-view is enabled by default. Therefore, database queries may be performed during view rendering. Explicitly configure spring.jpa.open-in-view to disable this warning
2025-11-26T14:50:47.497-08:00  WARN 304484 --- [task-svc] [           main] .s.s.UserDetailsServiceAutoConfiguration : 

Using generated security password: d0432a88-ed77-49b6-ba90-0f8c759a2630

This generated password is for development use only. Your security configuration must be updated before running your application in production.

2025-11-26T14:50:47.655-08:00  INFO 304484 --- [task-svc] [           main] o.s.s.web.DefaultSecurityFilterChain     : Will secure any request with [org.springframework.security.web.session.DisableEncodeUrlFilter@298eca94, org.springframework.security.web.context.request.async.WebAsyncManagerIntegrationFilter@6a51a39d, org.springframework.security.web.context.SecurityContextHolderFilter@7e09bee, org.springframework.security.web.header.HeaderWriterFilter@45682e3e, org.springframework.web.filter.CorsFilter@2acf3108, org.springframework.security.web.authentication.logout.LogoutFilter@cd8e702, org.springframework.security.web.savedrequest.RequestCacheAwareFilter@59929512, org.springframework.security.web.servletapi.SecurityContextHolderAwareRequestFilter@5920c4ed, org.springframework.security.web.authentication.AnonymousAuthenticationFilter@62765e11, org.springframework.security.web.session.SessionManagementFilter@678f685f, org.springframework.security.web.access.ExceptionTranslationFilter@32a37d12, org.springframework.security.web.access.intercept.AuthorizationFilter@51d2218e]
2025-11-26T14:50:47.886-08:00  INFO 304484 --- [task-svc] [           main] o.s.b.w.embedded.tomcat.TomcatWebServer  : Tomcat started on port 8081 (http) with context path ''
2025-11-26T14:50:47.892-08:00  INFO 304484 --- [task-svc] [           main] com.fsm.task.TaskServiceApplication      : Started TaskServiceApplication in 4.403 seconds (process running for 4.676)
2025-11-26T14:52:28.709-08:00  INFO 304484 --- [task-svc] [nio-8081-exec-2] o.a.c.c.C.[Tomcat].[localhost].[/]       : Initializing Spring DispatcherServlet 'dispatcherServlet'
2025-11-26T14:52:28.709-08:00  INFO 304484 --- [task-svc] [nio-8081-exec-2] o.s.web.servlet.DispatcherServlet        : Initializing Servlet 'dispatcherServlet'
2025-11-26T14:52:28.712-08:00  INFO 304484 --- [task-svc] [nio-8081-exec-2] o.s.web.servlet.DispatcherServlet        : Completed initialization in 2 ms
2025-11-26T14:52:28.729-08:00  WARN 304484 --- [task-svc] [nio-8081-exec-2] o.s.w.s.h.HandlerMappingIntrospector     : Cache miss for REQUEST dispatch to '/api/tasks/address-suggestions' (previous null). Performing MatchableHandlerMapping lookup. This is logged once only at WARN level, and every time at TRACE.
2025-11-26T14:52:28.775-08:00  INFO 304484 --- [task-svc] [nio-8081-exec-2] c.f.t.p.c.AddressAutocompleteController  : Received address suggestions request for: 220 77TH ST BROOKLYN NY 11209
2025-11-26T14:52:28.781-08:00  INFO 304484 --- [task-svc] [nio-8081-exec-2] c.f.t.a.s.AddressAutocompleteService     : Fetching address suggestions for: 220 77TH ST BROOKLYN NY 11209
2025-11-26T14:52:28.781-08:00  WARN 304484 --- [task-svc] [nio-8081-exec-2] c.f.t.a.s.AddressAutocompleteService     : Google Maps API key not configured, returning empty suggestions
2025-11-26T14:52:28.783-08:00  INFO 304484 --- [task-svc] [nio-8081-exec-2] c.f.t.p.c.AddressAutocompleteController  : Returning 0 address suggestions
2025-11-26T14:52:33.060-08:00  INFO 304484 --- [task-svc] [nio-8081-exec-3] c.f.t.p.controller.TaskController        : Received request to create task from user: anonymous
2025-11-26T14:52:33.064-08:00  INFO 304484 --- [task-svc] [nio-8081-exec-3] c.f.t.application.service.TaskService    : Creating new task with title: 'Electrical Installation' by user: anonymous
Hibernate: 
    insert 
    into
        service_tasks
        (assigned_technician_id, client_address, completed_at, created_at, created_by, description, estimated_duration, priority, started_at, status, title, work_summary, id) 
    values
        (?, ?, ?, ?, ?, ?, ?, ?, ?, ?, ?, ?, default)
2025-11-26T14:52:33.097-08:00  INFO 304484 --- [task-svc] [nio-8081-exec-3] c.f.t.application.service.TaskService    : Task created successfully with ID: 6
